# JRE version: Java(TM) SE Runtime Environment (8.0_191-b12) (build 1.8.0_191-b12)
# Java VM: Java HotSpot(TM) 64-Bit Server VM (25.191-b12 mixed mode windows-amd64 compressed oops)
Heap:
 garbage-first heap   total 58368K, used 18311K [0x00000000c0000000, 0x00000000c01001c8, 0x0000000100000000)
  region size 1024K, 2 young (2048K), 0 survivors (0K)
 Metaspace       used 37228K, capacity 39384K, committed 39680K, reserved 1083392K
  class space    used 4033K, capacity 4726K, committed 4864K, reserved 1048576K
GC Heap History (10 events):
Event: 20792.527 GC heap before
{Heap before GC invocations=9362 (full 9354):
 garbage-first heap   total 58368K, used 17287K [0x00000000c0000000, 0x00000000c01001c8, 0x0000000100000000)
  region size 1024K, 1 young (1024K), 0 survivors (0K)
 Metaspace       used 37209K, capacity 39384K, committed 39680K, reserved 1083392K
  class space    used 4027K, capacity 4726K, committed 4864K, reserved 1048576K
Event: 20792.586 GC heap after
Heap after GC invocations=9363 (full 9355):
 garbage-first heap   total 58368K, used 17287K [0x00000000c0000000, 0x00000000c01001c8, 0x0000000100000000)
  region size 1024K, 0 young (0K), 0 survivors (0K)
 Metaspace       used 37209K, capacity 39384K, committed 39680K, reserved 1083392K
  class space    used 4027K, capacity 4726K, committed 4864K, reserved 1048576K
}
Event: 20794.724 GC heap before
{Heap before GC invocations=9363 (full 9355):
 garbage-first heap   total 58368K, used 17287K [0x00000000c0000000, 0x00000000c01001c8, 0x0000000100000000)
  region size 1024K, 1 young (1024K), 0 survivors (0K)
 Metaspace       used 37209K, capacity 39384K, committed 39680K, reserved 1083392K
  class space    used 4027K, capacity 4726K, committed 4864K, reserved 1048576K
Event: 20794.767 GC heap after
Heap after GC invocations=9364 (full 9356):
 garbage-first heap   total 58368K, used 17287K [0x00000000c0000000, 0x00000000c01001c8, 0x0000000100000000)
  region size 1024K, 0 young (0K), 0 survivors (0K)
 Metaspace       used 37209K, capacity 39384K, committed 39680K, reserved 1083392K
  class space    used 4027K, capacity 4726K, committed 4864K, reserved 1048576K
}
Event: 20796.908 GC heap before
{Heap before GC invocations=9364 (full 9356):
 garbage-first heap   total 58368K, used 17287K [0x00000000c0000000, 0x00000000c01001c8, 0x0000000100000000)
  region size 1024K, 1 young (1024K), 0 survivors (0K)
 Metaspace       used 37209K, capacity 39384K, committed 39680K, reserved 1083392K
  class space    used 4027K, capacity 4726K, committed 4864K, reserved 1048576K
Event: 20796.952 GC heap after
Heap after GC invocations=9365 (full 9357):
 garbage-first heap   total 58368K, used 17287K [0x00000000c0000000, 0x00000000c01001c8, 0x0000000100000000)
  region size 1024K, 0 young (0K), 0 survivors (0K)
 Metaspace       used 37209K, capacity 39384K, committed 39680K, reserved 1083392K
  class space    used 4027K, capacity 4726K, committed 4864K, reserved 1048576K
}
Event: 20799.134 GC heap before
{Heap before GC invocations=9365 (full 9357):
 garbage-first heap   total 58368K, used 17287K [0x00000000c0000000, 0x00000000c01001c8, 0x0000000100000000)
  region size 1024K, 1 young (1024K), 0 survivors (0K)
 Metaspace       used 37209K, capacity 39384K, committed 39680K, reserved 1083392K
  class space    used 4027K, capacity 4726K, committed 4864K, reserved 1048576K
Event: 20799.183 GC heap after
Heap after GC invocations=9366 (full 9358):
 garbage-first heap   total 58368K, used 17287K [0x00000000c0000000, 0x00000000c01001c8, 0x0000000100000000)
  region size 1024K, 0 young (0K), 0 survivors (0K)
 Metaspace       used 37209K, capacity 39384K, committed 39680K, reserved 1083392K
  class space    used 4027K, capacity 4726K, committed 4864K, reserved 1048576K
}
Event: 20801.323 GC heap before
{Heap before GC invocations=9366 (full 9358):
 garbage-first heap   total 58368K, used 17287K [0x00000000c0000000, 0x00000000c01001c8, 0x0000000100000000)
  region size 1024K, 1 young (1024K), 0 survivors (0K)
 Metaspace       used 37209K, capacity 39384K, committed 39680K, reserved 1083392K
  class space    used 4027K, capacity 4726K, committed 4864K, reserved 1048576K
Event: 20801.367 GC heap after
Heap after GC invocations=9367 (full 9359):
 garbage-first heap   total 58368K, used 17287K [0x00000000c0000000, 0x00000000c01001c8, 0x0000000100000000)
  region size 1024K, 0 young (0K), 0 survivors (0K)
 Metaspace       used 37209K, capacity 39384K, committed 39680K, reserved 1083392K
  class space    used 4027K, capacity 4726K, committed 4864K, reserved 1048576K
}

